[  3%] Built target challenge_package__cpp
[ 12%] Built target challenge_package__rosidl_generator_c
[ 21%] Built target challenge_package__rosidl_typesupport_cpp
[ 30%] Built target challenge_package__rosidl_typesupport_introspection_cpp
[ 48%] Built target challenge_package__rosidl_typesupport_introspection_c
[ 48%] Built target challenge_package__rosidl_typesupport_c
[ 57%] Built target challenge_package__rosidl_typesupport_fastrtps_cpp
[ 66%] Built target challenge_package__rosidl_typesupport_fastrtps_c
[ 66%] Built target challenge_package
[35m[1mScanning dependencies of target clear_turtle_listener[0m
[ 69%] Built target challenge_package__py
[ 72%] [32mBuilding CXX object CMakeFiles/clear_turtle_listener.dir/src/clear_turtles.cpp.o[0m
[ 78%] Built target challenge_package__python
[ 84%] Built target challenge_package__rosidl_typesupport_fastrtps_c__pyext
[ 93%] Built target challenge_package__rosidl_typesupport_c__pyext
[ 96%] Built target challenge_package__rosidl_typesupport_introspection_c__pyext
[01m[K/home/evanw/Desktop/uwrt/challenge_ws/src/challenge_package/src/clear_turtles.cpp:[m[K In constructor â€˜[01m[KKillTurtlesSubscriber::KillTurtlesSubscriber()[m[Kâ€™:
[01m[K/home/evanw/Desktop/uwrt/challenge_ws/src/challenge_package/src/clear_turtles.cpp:27:7:[m[K [01;31m[Kerror: [m[Kâ€˜[01m[Kclient[m[Kâ€™ was not declared in this scope
   27 |       [01;31m[Kclient[m[K = create_client<turtlesim::srv::Kill>("/kill");
      |       [01;31m[K^~~~~~[m[K
make[2]: *** [CMakeFiles/clear_turtle_listener.dir/build.make:63: CMakeFiles/clear_turtle_listener.dir/src/clear_turtles.cpp.o] Error 1
make[1]: *** [CMakeFiles/Makefile2:124: CMakeFiles/clear_turtle_listener.dir/all] Error 2
make: *** [Makefile:141: all] Error 2
